<?xml version="1.0" encoding="UTF-8"?>
<testng-results ignored="0" total="1" passed="1" failed="0" skipped="0">
  <reporter-output>
  </reporter-output>
  <suite started-at="2024-11-14T01:13:12 IST" name="Suite" finished-at="2024-11-14T01:13:30 IST" duration-ms="18133">
    <groups>
    </groups>
    <test started-at="2024-11-14T01:13:12 IST" name="Test" finished-at="2024-11-14T01:13:30 IST" duration-ms="18133">
      <class name="frameworkEbay.frameworkEbayTest.TestCases.testCase_validateItemsToCart">
        <test-method signature="TestitemsToCart()[pri:0, instance:frameworkEbay.frameworkEbayTest.TestCases.testCase_validateItemsToCart@17f62e33]" started-at="2024-11-14T01:13:12 IST" name="TestitemsToCart" finished-at="2024-11-14T01:13:30 IST" duration-ms="18081" status="PASS">
          <reporter-output>
          </reporter-output>
        </test-method> <!-- TestitemsToCart -->
      </class> <!-- frameworkEbay.frameworkEbayTest.TestCases.testCase_validateItemsToCart -->
    </test> <!-- Test -->
  </suite> <!-- Suite -->
</testng-results>
